spy.sh Report 
started at 13:40 on 2016-01-17
stopped at 13:46 on 2016-01-17 
 arguments: Devina Kumar Andrew J. Ogren

devina logged on 2 times for a total period of 8 minutes.


aogren logged on 4 times for a total period of 5 minutes.


Here is the breakdown for devina :
1) logged on 2016-01-17 13:40; logged off 2016-01-17 13:44
2) logged on 2016-01-17 13:40; logged off 2016-01-17 13:44

Here is the breakdown for aogren :
1) logged on 2016-01-17 13:41; logged off 2016-01-17 13:42
2) logged on 2016-01-17 13:41; logged off 2016-01-17 13:42
3) logged on 2016-01-17 13:42; logged off 2016-01-17 13:44
4) logged on 2016-01-17 13:43; logged off 2016-01-17 13:44

devina spent the most time on wildcat today: 
 8 mins in total for all his/her sessions 

aogren was on for the shortest session and therefore the most sneaky: 
 1 mins 

devina was on for the longest session: 
 4 mins
