aogren, 36227, Sun Mar  6 13:50:43 2016

Midpoint is 5,5

Turn: 1
Avatar 0 is at 4,9 attempting to move: 1

Turn: 2
Avatar 1 is at 3,7 attempting to move: 3

Turn: 3
Avatar 2 is at 9,1 attempting to move: 0

Turn: 4
Avatar 0 is at 4,9 attempting to move: 3

Turn: 5
Avatar 1 is at 3,7 attempting to move: 1

Turn: 6
Avatar 2 is at 9,1 attempting to move: 2

Turn: 7
Avatar 0 is at 5,9 attempting to move: 1

Turn: 8
Avatar 1 is at 3,6 attempting to move: 3

Turn: 9
Avatar 2 is at 9,2 attempting to move: 0

Turn: 10
Avatar 0 is at 5,9 attempting to move: 3

Turn: 11
Avatar 1 is at 4,6 attempting to move: 3

Turn: 12
Avatar 2 is at 9,2 attempting to move: 2

Turn: 13
Avatar 0 is at 6,9 attempting to move: 1

Turn: 14
Avatar 1 is at 4,6 attempting to move: 1

Turn: 15
Avatar 2 is at 9,3 attempting to move: 0

Turn: 16
Avatar 0 is at 6,9 attempting to move: 3

Turn: 17
Avatar 1 is at 4,6 attempting to move: 2

Turn: 18
Avatar 2 is at 9,3 attempting to move: 2

Turn: 19
Avatar 0 is at 7,9 attempting to move: 1

Turn: 20
Avatar 1 is at 4,7 attempting to move: 3

Turn: 21
Avatar 2 is at 9,3 attempting to move: 3

Turn: 22
Avatar 0 is at 7,8 attempting to move: 1

Turn: 23
Avatar 1 is at 4,7 attempting to move: 2

Turn: 24
Avatar 2 is at 9,3 attempting to move: 1

Turn: 25
Avatar 0 is at 7,8 attempting to move: 0

Turn: 26
Avatar 1 is at 4,8 attempting to move: 3

Turn: 27
Avatar 2 is at 9,2 attempting to move: 3

Turn: 28
Avatar 0 is at 7,8 attempting to move: 3

Turn: 29
Avatar 1 is at 5,8 attempting to move: 1

Turn: 30
Avatar 2 is at 10,2 attempting to move: 2

Turn: 31
Avatar 0 is at 7,8 attempting to move: 2

Turn: 32
Avatar 1 is at 5,8 attempting to move: 3

Turn: 33
Avatar 2 is at 10,3 attempting to move: 2

Turn: 34
Avatar 0 is at 7,9 attempting to move: 3

Turn: 35
Avatar 1 is at 6,8 attempting to move: 1

Turn: 36
Avatar 2 is at 10,3 attempting to move: 3

Turn: 37
Avatar 0 is at 7,9 attempting to move: 0

Turn: 38
Avatar 1 is at 6,7 attempting to move: 1

Turn: 39
Avatar 2 is at 11,3 attempting to move: 2

Turn: 40
Avatar 0 is at 6,9 attempting to move: 0

Turn: 41
Avatar 1 is at 6,7 attempting to move: 0

Turn: 42
Avatar 2 is at 11,4 attempting to move: 0

Turn: 43
Avatar 0 is at 5,9 attempting to move: 0

Turn: 44
Avatar 1 is at 6,7 attempting to move: 3

Turn: 45
Avatar 2 is at 11,4 attempting to move: 2

Turn: 46
Avatar 0 is at 4,9 attempting to move: 0

Turn: 47
Avatar 1 is at 7,7 attempting to move: 1

Turn: 48
Avatar 2 is at 11,5 attempting to move: 0

Turn: 49
Avatar 0 is at 3,9 attempting to move: 1

Turn: 50
Avatar 1 is at 7,6 attempting to move: 0

Turn: 51
Avatar 2 is at 11,5 attempting to move: 2

Turn: 52
Avatar 0 is at 3,8 attempting to move: 1

Turn: 53
Avatar 1 is at 7,6 attempting to move: 1

Turn: 54
Avatar 2 is at 11,6 attempting to move: 0

Turn: 55
Avatar 0 is at 3,7 attempting to move: 1

Turn: 56
Avatar 1 is at 7,5 attempting to move: 0

Turn: 57
Avatar 2 is at 11,6 attempting to move: 2

Turn: 58
Avatar 0 is at 3,6 attempting to move: 3

Turn: 59
Avatar 1 is at 7,5 attempting to move: 1

Turn: 60
Avatar 2 is at 11,7 attempting to move: 0

Turn: 61
Avatar 0 is at 4,6 attempting to move: 2

Turn: 62
Avatar 1 is at 7,5 attempting to move: 3

Turn: 63
Avatar 2 is at 11,7 attempting to move: 2

Turn: 64
Avatar 0 is at 4,7 attempting to move: 2

Turn: 65
Avatar 1 is at 8,5 attempting to move: 1

Turn: 66
Avatar 2 is at 11,7 attempting to move: 1

Turn: 67
Avatar 0 is at 4,8 attempting to move: 3

Turn: 68
Avatar 1 is at 8,5 attempting to move: 2

Turn: 69
Avatar 2 is at 11,6 attempting to move: 1

Turn: 70
Avatar 0 is at 5,8 attempting to move: 3

Turn: 71
Avatar 1 is at 8,5 attempting to move: 3

Turn: 72
Avatar 2 is at 11,5 attempting to move: 1

Turn: 73
Avatar 0 is at 6,8 attempting to move: 1

Turn: 74
Avatar 1 is at 9,5 attempting to move: 1

Turn: 75
Avatar 2 is at 11,4 attempting to move: 1

Turn: 76
Avatar 0 is at 6,7 attempting to move: 3

Turn: 77
Avatar 1 is at 9,5 attempting to move: 2

Turn: 78
Avatar 2 is at 11,3 attempting to move: 1

Turn: 79
Avatar 0 is at 7,7 attempting to move: 1

Turn: 80
Avatar 1 is at 9,6 attempting to move: 0

Turn: 81
Avatar 2 is at 11,2 attempting to move: 1

Turn: 82
Avatar 0 is at 7,6 attempting to move: 1

Turn: 83
Avatar 1 is at 8,6 attempting to move: 2

Turn: 84
Avatar 2 is at 11,1 attempting to move: 0

Turn: 85
Avatar 0 is at 7,5 attempting to move: 3

Turn: 86
Avatar 1 is at 8,7 attempting to move: 2

Turn: 87
Avatar 2 is at 10,1 attempting to move: 1

Turn: 88
Avatar 0 is at 8,5 attempting to move: 3

Turn: 89
Avatar 1 is at 8,8 attempting to move: 2

Turn: 90
Avatar 2 is at 10,0 attempting to move: 0

Turn: 91
Avatar 0 is at 9,5 attempting to move: 3

Turn: 92
Avatar 1 is at 8,8 attempting to move: 3

Turn: 93
Avatar 2 is at 9,0 attempting to move: 0

Turn: 94
Avatar 0 is at 9,5 attempting to move: 2

Turn: 95
Avatar 1 is at 9,8 attempting to move: 1

Turn: 96
Avatar 2 is at 8,0 attempting to move: 2

Turn: 97
Avatar 0 is at 9,6 attempting to move: 0

Turn: 98
Avatar 1 is at 9,8 attempting to move: 2

Turn: 99
Avatar 2 is at 8,1 attempting to move: 2

Turn: 100
Avatar 0 is at 8,6 attempting to move: 2

Turn: 101
Avatar 1 is at 9,9 attempting to move: 0

Turn: 102
Avatar 2 is at 8,2 attempting to move: 0

Turn: 103
Avatar 0 is at 8,7 attempting to move: 3

Turn: 104
Avatar 1 is at 8,9 attempting to move: 3

Turn: 105
Avatar 2 is at 8,2 attempting to move: 2

Turn: 106
Avatar 0 is at 8,7 attempting to move: 0

Turn: 107
Avatar 1 is at 9,9 attempting to move: 3

Turn: 108
Avatar 2 is at 8,3 attempting to move: 0

Turn: 109
Avatar 0 is at 8,7 attempting to move: 2

Turn: 110
Avatar 1 is at 10,9 attempting to move: 1

Turn: 111
Avatar 2 is at 7,3 attempting to move: 0

Turn: 112
Avatar 0 is at 8,8 attempting to move: 3

Turn: 113
Avatar 1 is at 10,9 attempting to move: 3

Turn: 114
Avatar 2 is at 7,3 attempting to move: 2

Turn: 115
Avatar 0 is at 9,8 attempting to move: 3

Turn: 116
Avatar 1 is at 11,9 attempting to move: 1

Turn: 117
Avatar 2 is at 7,4 attempting to move: 0

Turn: 118
Avatar 0 is at 9,8 attempting to move: 2

Turn: 119
Avatar 1 is at 11,8 attempting to move: 0

Turn: 120
Avatar 2 is at 7,4 attempting to move: 3

Turn: 121
Avatar 0 is at 9,9 attempting to move: 3

Turn: 122
Avatar 1 is at 10,8 attempting to move: 1

Turn: 123
Avatar 2 is at 8,4 attempting to move: 3

Turn: 124
Avatar 0 is at 10,9 attempting to move: 3

Turn: 125
Avatar 1 is at 10,7 attempting to move: 0

Turn: 126
Avatar 2 is at 9,4 attempting to move: 3

Turn: 127
Avatar 0 is at 11,9 attempting to move: 1

Turn: 128
Avatar 1 is at 9,7 attempting to move: 1

Turn: 129
Avatar 2 is at 10,4 attempting to move: 2

Turn: 130
Avatar 0 is at 11,8 attempting to move: 0

Turn: 131
Avatar 1 is at 9,7 attempting to move: 3

Turn: 132
Avatar 2 is at 10,5 attempting to move: 2

Turn: 133
Avatar 0 is at 10,8 attempting to move: 1

Turn: 134
Avatar 1 is at 10,7 attempting to move: 1

Turn: 135
Avatar 2 is at 10,6 attempting to move: 0

Turn: 136
Avatar 0 is at 10,7 attempting to move: 1

Maze has been solved! Winning Hash: 1000121739
