aogren, 40218, Sun Mar  6 13:42:43 2016

Midpoint is 2,2

Turn: 1
Avatar 0 is at 2,0 attempting to move: 2

Turn: 2
Avatar 1 is at 2,5 attempting to move: 1

Turn: 3
Avatar 0 is at 2,1 attempting to move: 2

Turn: 4
Avatar 1 is at 2,5 attempting to move: 3

Turn: 5
Avatar 0 is at 2,1 attempting to move: 3

Turn: 6
Avatar 1 is at 2,5 attempting to move: 0

Turn: 7
Avatar 0 is at 3,1 attempting to move: 2

Turn: 8
Avatar 1 is at 1,5 attempting to move: 1

Turn: 9
Avatar 0 is at 3,1 attempting to move: 1

Turn: 10
Avatar 1 is at 1,5 attempting to move: 0

Turn: 11
Avatar 0 is at 3,1 attempting to move: 3

Turn: 12
Avatar 1 is at 1,5 attempting to move: 2

Turn: 13
Avatar 0 is at 4,1 attempting to move: 2

Turn: 14
Avatar 1 is at 1,6 attempting to move: 3

Turn: 15
Avatar 0 is at 4,1 attempting to move: 1

Turn: 16
Avatar 1 is at 1,6 attempting to move: 0

Turn: 17
Avatar 0 is at 4,0 attempting to move: 0

Turn: 18
Avatar 1 is at 0,6 attempting to move: 1

Turn: 19
Avatar 0 is at 4,0 attempting to move: 3

Turn: 20
Avatar 1 is at 0,5 attempting to move: 1

Turn: 21
Avatar 0 is at 5,0 attempting to move: 2

Turn: 22
Avatar 1 is at 0,4 attempting to move: 3

Turn: 23
Avatar 0 is at 5,1 attempting to move: 2

Turn: 24
Avatar 1 is at 0,4 attempting to move: 1

Turn: 25
Avatar 0 is at 5,2 attempting to move: 0

Turn: 26
Avatar 1 is at 0,3 attempting to move: 3

Turn: 27
Avatar 0 is at 5,2 attempting to move: 2

Turn: 28
Avatar 1 is at 0,3 attempting to move: 1

Turn: 29
Avatar 0 is at 5,3 attempting to move: 0

Turn: 30
Avatar 1 is at 0,2 attempting to move: 3

Turn: 31
Avatar 0 is at 5,3 attempting to move: 2

Turn: 32
Avatar 1 is at 1,2 attempting to move: 3

Turn: 33
Avatar 0 is at 5,4 attempting to move: 0

Turn: 34
Avatar 1 is at 2,2 attempting to move: 8

Turn: 35
Avatar 0 is at 4,4 attempting to move: 0

Turn: 36
Avatar 1 is at 2,2 attempting to move: 8

Turn: 37
Avatar 0 is at 4,4 attempting to move: 1

Turn: 38
Avatar 1 is at 2,2 attempting to move: 8

Turn: 39
Avatar 0 is at 4,4 attempting to move: 2

Turn: 40
Avatar 1 is at 2,2 attempting to move: 8

Turn: 41
Avatar 0 is at 4,5 attempting to move: 0

Turn: 42
Avatar 1 is at 2,2 attempting to move: 8

Turn: 43
Avatar 0 is at 4,5 attempting to move: 3

Turn: 44
Avatar 1 is at 2,2 attempting to move: 8

Turn: 45
Avatar 0 is at 5,5 attempting to move: 2

Turn: 46
Avatar 1 is at 2,2 attempting to move: 8

Turn: 47
Avatar 0 is at 5,6 attempting to move: 0

Turn: 48
Avatar 1 is at 2,2 attempting to move: 8

Turn: 49
Avatar 0 is at 4,6 attempting to move: 0

Turn: 50
Avatar 1 is at 2,2 attempting to move: 8

Turn: 51
Avatar 0 is at 4,6 attempting to move: 2

Turn: 52
Avatar 1 is at 2,2 attempting to move: 8

Turn: 53
Avatar 0 is at 4,7 attempting to move: 0

Turn: 54
Avatar 1 is at 2,2 attempting to move: 8

Turn: 55
Avatar 0 is at 3,7 attempting to move: 1

Turn: 56
Avatar 1 is at 2,2 attempting to move: 8

Turn: 57
Avatar 0 is at 3,6 attempting to move: 1

Turn: 58
Avatar 1 is at 2,2 attempting to move: 8

Turn: 59
Avatar 0 is at 3,5 attempting to move: 1

Turn: 60
Avatar 1 is at 2,2 attempting to move: 8

Turn: 61
Avatar 0 is at 3,4 attempting to move: 1

Turn: 62
Avatar 1 is at 2,2 attempting to move: 8

Turn: 63
Avatar 0 is at 3,4 attempting to move: 0

Turn: 64
Avatar 1 is at 2,2 attempting to move: 8

Turn: 65
Avatar 0 is at 2,4 attempting to move: 1

Turn: 66
Avatar 1 is at 2,2 attempting to move: 8

Turn: 67
Avatar 0 is at 2,4 attempting to move: 0

Turn: 68
Avatar 1 is at 2,2 attempting to move: 8

Turn: 69
Avatar 0 is at 1,4 attempting to move: 1

Turn: 70
Avatar 1 is at 2,2 attempting to move: 8

Turn: 71
Avatar 0 is at 1,3 attempting to move: 3

Turn: 72
Avatar 1 is at 2,2 attempting to move: 8

Turn: 73
Avatar 0 is at 1,3 attempting to move: 1

Turn: 74
Avatar 1 is at 2,2 attempting to move: 8

Turn: 75
Avatar 0 is at 1,3 attempting to move: 2

Turn: 76
Avatar 1 is at 2,2 attempting to move: 8

Turn: 77
Avatar 0 is at 1,4 attempting to move: 3

Turn: 78
Avatar 1 is at 2,2 attempting to move: 8

Turn: 79
Avatar 0 is at 2,4 attempting to move: 3

Turn: 80
Avatar 1 is at 2,2 attempting to move: 8

Turn: 81
Avatar 0 is at 3,4 attempting to move: 2

Turn: 82
Avatar 1 is at 2,2 attempting to move: 8

Turn: 83
Avatar 0 is at 3,5 attempting to move: 2

Turn: 84
Avatar 1 is at 2,2 attempting to move: 8

Turn: 85
Avatar 0 is at 3,6 attempting to move: 0

Turn: 86
Avatar 1 is at 2,2 attempting to move: 8

Turn: 87
Avatar 0 is at 3,6 attempting to move: 2

Turn: 88
Avatar 1 is at 2,2 attempting to move: 8

Turn: 89
Avatar 0 is at 3,7 attempting to move: 0

Turn: 90
Avatar 1 is at 2,2 attempting to move: 8

Turn: 91
Avatar 0 is at 3,7 attempting to move: 2

Turn: 92
Avatar 1 is at 2,2 attempting to move: 8

Turn: 93
Avatar 0 is at 3,7 attempting to move: 3

Turn: 94
Avatar 1 is at 2,2 attempting to move: 8

Turn: 95
Avatar 0 is at 4,7 attempting to move: 3

Turn: 96
Avatar 1 is at 2,2 attempting to move: 8

Turn: 97
Avatar 0 is at 4,7 attempting to move: 2

Turn: 98
Avatar 1 is at 2,2 attempting to move: 8

Turn: 99
Avatar 0 is at 4,7 attempting to move: 1

Turn: 100
Avatar 1 is at 2,2 attempting to move: 8

Turn: 101
Avatar 0 is at 4,6 attempting to move: 1

Turn: 102
Avatar 1 is at 2,2 attempting to move: 8

Turn: 103
Avatar 0 is at 4,6 attempting to move: 3

Turn: 104
Avatar 1 is at 2,2 attempting to move: 8

Turn: 105
Avatar 0 is at 5,6 attempting to move: 2

Turn: 106
Avatar 1 is at 2,2 attempting to move: 8

Turn: 107
Avatar 0 is at 5,6 attempting to move: 1

Turn: 108
Avatar 1 is at 2,2 attempting to move: 8

Turn: 109
Avatar 0 is at 5,5 attempting to move: 1

Turn: 110
Avatar 1 is at 2,2 attempting to move: 8

Turn: 111
Avatar 0 is at 5,5 attempting to move: 0

Turn: 112
Avatar 1 is at 2,2 attempting to move: 8

Turn: 113
Avatar 0 is at 4,5 attempting to move: 1

Turn: 114
Avatar 1 is at 2,2 attempting to move: 8

Turn: 115
Avatar 0 is at 4,4 attempting to move: 3

Turn: 116
Avatar 1 is at 2,2 attempting to move: 8

Turn: 117
Avatar 0 is at 5,4 attempting to move: 1

Turn: 118
Avatar 1 is at 2,2 attempting to move: 8

Turn: 119
Avatar 0 is at 5,3 attempting to move: 1

Turn: 120
Avatar 1 is at 2,2 attempting to move: 8

Turn: 121
Avatar 0 is at 5,2 attempting to move: 1

Turn: 122
Avatar 1 is at 2,2 attempting to move: 8

Turn: 123
Avatar 0 is at 5,1 attempting to move: 0

Turn: 124
Avatar 1 is at 2,2 attempting to move: 8

Turn: 125
Avatar 0 is at 5,1 attempting to move: 1

Turn: 126
Avatar 1 is at 2,2 attempting to move: 8

Turn: 127
Avatar 0 is at 5,0 attempting to move: 0

Turn: 128
Avatar 1 is at 2,2 attempting to move: 8

Turn: 129
Avatar 0 is at 4,0 attempting to move: 2

Turn: 130
Avatar 1 is at 2,2 attempting to move: 8

Turn: 131
Avatar 0 is at 4,1 attempting to move: 0

Turn: 132
Avatar 1 is at 2,2 attempting to move: 8

Turn: 133
Avatar 0 is at 3,1 attempting to move: 0

Turn: 134
Avatar 1 is at 2,2 attempting to move: 8

Turn: 135
Avatar 0 is at 2,1 attempting to move: 0

Turn: 136
Avatar 1 is at 2,2 attempting to move: 8

Turn: 137
Avatar 0 is at 2,1 attempting to move: 1

Turn: 138
Avatar 1 is at 2,2 attempting to move: 8

Turn: 139
Avatar 0 is at 2,0 attempting to move: 3

Turn: 140
Avatar 1 is at 2,2 attempting to move: 8

Turn: 141
Avatar 0 is at 3,0 attempting to move: 0

Turn: 142
Avatar 1 is at 2,2 attempting to move: 8

Turn: 143
Avatar 0 is at 2,0 attempting to move: 0

Turn: 144
Avatar 1 is at 2,2 attempting to move: 8

Turn: 145
Avatar 0 is at 1,0 attempting to move: 2

Turn: 146
Avatar 1 is at 2,2 attempting to move: 8

Turn: 147
Avatar 0 is at 1,1 attempting to move: 2

Turn: 148
Avatar 1 is at 2,2 attempting to move: 8

Turn: 149
Avatar 0 is at 1,2 attempting to move: 3

Maze has been solved! Winning Hash: -1026422290
